00:21:52 **** Incremental Build of configuration Debug for project CONTROL_ECU ****
make all 
Building file: ../buzzer.c
Invoking: AVR Compiler
avr-gcc -Wall -g2 -gstabs -O0 -fpack-struct -fshort-enums -ffunction-sections -fdata-sections -std=gnu99 -funsigned-char -funsigned-bitfields -mmcu=atmega16 -DF_CPU=8000000UL -MMD -MP -MF"buzzer.d" -MT"buzzer.o" -c -o "buzzer.o" "../buzzer.c"
Finished building: ../buzzer.c
 
Building file: ../control.c
Invoking: AVR Compiler
avr-gcc -Wall -g2 -gstabs -O0 -fpack-struct -fshort-enums -ffunction-sections -fdata-sections -std=gnu99 -funsigned-char -funsigned-bitfields -mmcu=atmega16 -DF_CPU=8000000UL -MMD -MP -MF"control.d" -MT"control.o" -c -o "control.o" "../control.c"
In file included from ../control.h:26,
                 from ../control.c:12:
../twi.h:15:1: warning: "F_CPU" redefined
<command-line>: warning: this is the location of the previous definition
In file included from ../control.h:31,
                 from ../control.c:12:
c:/winavr-20100110/lib/gcc/../../avr/include/util/delay.h:90:3: warning: #warning "Compiler optimizations disabled; functions from <util/delay.h> won't work as designed"
Finished building: ../control.c
 
Building file: ../external_eeprom.c
Invoking: AVR Compiler
avr-gcc -Wall -g2 -gstabs -O0 -fpack-struct -fshort-enums -ffunction-sections -fdata-sections -std=gnu99 -funsigned-char -funsigned-bitfields -mmcu=atmega16 -DF_CPU=8000000UL -MMD -MP -MF"external_eeprom.d" -MT"external_eeprom.o" -c -o "external_eeprom.o" "../external_eeprom.c"
In file included from ../external_eeprom.c:13:
../twi.h:15:1: warning: "F_CPU" redefined
<command-line>: warning: this is the location of the previous definition
Finished building: ../external_eeprom.c
 
Building file: ../gpio.c
Invoking: AVR Compiler
avr-gcc -Wall -g2 -gstabs -O0 -fpack-struct -fshort-enums -ffunction-sections -fdata-sections -std=gnu99 -funsigned-char -funsigned-bitfields -mmcu=atmega16 -DF_CPU=8000000UL -MMD -MP -MF"gpio.d" -MT"gpio.o" -c -o "gpio.o" "../gpio.c"
Finished building: ../gpio.c
 
Building file: ../motor.c
Invoking: AVR Compiler
avr-gcc -Wall -g2 -gstabs -O0 -fpack-struct -fshort-enums -ffunction-sections -fdata-sections -std=gnu99 -funsigned-char -funsigned-bitfields -mmcu=atmega16 -DF_CPU=8000000UL -MMD -MP -MF"motor.d" -MT"motor.o" -c -o "motor.o" "../motor.c"
Finished building: ../motor.c
 
Building file: ../timer.c
Invoking: AVR Compiler
avr-gcc -Wall -g2 -gstabs -O0 -fpack-struct -fshort-enums -ffunction-sections -fdata-sections -std=gnu99 -funsigned-char -funsigned-bitfields -mmcu=atmega16 -DF_CPU=8000000UL -MMD -MP -MF"timer.d" -MT"timer.o" -c -o "timer.o" "../timer.c"
../timer.c: In function 'Timer0_setCallBack':
../timer.c:67: warning: function return types not compatible due to 'volatile'
Finished building: ../timer.c
 
Building file: ../twi.c
Invoking: AVR Compiler
avr-gcc -Wall -g2 -gstabs -O0 -fpack-struct -fshort-enums -ffunction-sections -fdata-sections -std=gnu99 -funsigned-char -funsigned-bitfields -mmcu=atmega16 -DF_CPU=8000000UL -MMD -MP -MF"twi.d" -MT"twi.o" -c -o "twi.o" "../twi.c"
In file included from ../twi.c:13:
../twi.h:15:1: warning: "F_CPU" redefined
<command-line>: warning: this is the location of the previous definition
Finished building: ../twi.c
 
Building file: ../uart.c
Invoking: AVR Compiler
avr-gcc -Wall -g2 -gstabs -O0 -fpack-struct -fshort-enums -ffunction-sections -fdata-sections -std=gnu99 -funsigned-char -funsigned-bitfields -mmcu=atmega16 -DF_CPU=8000000UL -MMD -MP -MF"uart.d" -MT"uart.o" -c -o "uart.o" "../uart.c"
Finished building: ../uart.c
 
Building target: CONTROL_ECU.elf
Invoking: AVR C Linker
avr-gcc -Wl,-Map,CONTROL_ECU.map -mmcu=atmega16 -o "CONTROL_ECU.elf"  ./buzzer.o ./control.o ./external_eeprom.o ./gpio.o ./motor.o ./timer.o ./twi.o ./uart.o   
Finished building target: CONTROL_ECU.elf
 
Invoking: AVR Create Extended Listing
avr-objdump -h -S CONTROL_ECU.elf  >"CONTROL_ECU.lss"
Finished building: CONTROL_ECU.lss
 
Invoking: Print Size
avr-size --format=avr --mcu=atmega16 CONTROL_ECU.elf
AVR Memory Usage
----------------
Device: atmega16

Program:    7902 bytes (48.2% Full)
(.text + .data + .bootloader)

Data:         38 bytes (3.7% Full)
(.data + .bss + .noinit)


Finished building: sizedummy
 

00:21:55 Build Finished. 0 errors, 5 warnings. (took 2s.346ms)

